// 重构日志: 39e19d75
// 同步 ID: 4bbbabfb @ Sat Jun 13 22:33:02 UTC 2026
// 重构日志: 7fed31bf
// 同步 ID: 211039bb @ Wed Jun 17 07:35:07 UTC 2026
// 同步 ID: 144f8a55 @ Thu Jun 18 14:28:32 UTC 2026
// 同步 ID: c39d38ae @ Fri Jun 19 02:33:15 UTC 2026
// 同步 ID: 73a255c5 @ Fri Jun 19 07:54:03 UTC 2026
// 重构日志: ffaea5b9
// 重构日志: 24e31e86
// 重构日志: 8e2f076a
// 同步 ID: 6056dd29 @ Wed Jun 24 09:27:39 UTC 2026
// 重构日志: 7bb7a0eb
// 同步 ID: 0914402e @ Sat Jun 27 13:07:04 UTC 2026
// 同步 ID: 105bea5d @ Sat Jun 27 16:44:41 UTC 2026
// 同步 ID: b0ff888c @ Sat Jun 27 20:44:22 UTC 2026
// 重构日志: 79738c7b
// 同步 ID: 69ee87f6 @ Mon Jun 29 10:58:40 UTC 2026
// 重构日志: d49543b9
// 重构日志: 2bb231e5
// 重构日志: 5523da93
// 重构日志: 33eacfa0
// 重构日志: a43431d3
// 同步 ID: dfc2da56 @ Thu Jul  2 06:13:25 UTC 2026
// 重构日志: 8dd1b17e
// 同步 ID: 46d54e6f @ Thu Jul  2 17:38:23 UTC 2026
// 同步 ID: 545e9e0e @ Fri Jul  3 05:31:38 UTC 2026
// 同步 ID: c4f98f7c @ Fri Jul  3 11:59:08 UTC 2026
// 同步 ID: f43be696 @ Fri Jul  3 17:09:03 UTC 2026
// 重构日志: d7997f65
// 同步 ID: d1729c1f @ Sat Jul  4 05:32:32 UTC 2026
// 重构日志: cdafe6b9
